<?xml version="1.0" encoding="UTF-8"?>
<testng-results skipped="0" failed="0" ignored="0" total="1" passed="1">
  <reporter-output>
  </reporter-output>
  <suite name="Default suite" duration-ms="1205" started-at="2022-08-23T02:47:23Z" finished-at="2022-08-23T02:47:24Z">
    <groups>
    </groups>
    <test name="Default test" duration-ms="1205" started-at="2022-08-23T02:47:23Z" finished-at="2022-08-23T02:47:24Z">
      <class name="testCASES.UpdateOneProduct">
        <test-method status="PASS" signature="Update_One_Products()[pri:0, instance:testCASES.UpdateOneProduct@5e316c74]" name="Update_One_Products" duration-ms="1190" started-at="2022-08-23T02:47:23Z" finished-at="2022-08-23T02:47:24Z">
          <reporter-output>
          </reporter-output>
        </test-method> <!-- Update_One_Products -->
      </class> <!-- testCASES.UpdateOneProduct -->
    </test> <!-- Default test -->
  </suite> <!-- Default suite -->
</testng-results>
